# JRE version: OpenJDK Runtime Environment (21.0.8) (build 21.0.8+-14196175-b1038.72)
# Java VM: OpenJDK 64-Bit Server VM (21.0.8+-14196175-b1038.72, mixed mode, tiered, compressed oops, compressed class ptrs, g1 gc, windows-amd64)
GC Precious Log:
 CardTable entry size: 512
 Card Set container configuration: InlinePtr #cards 5 size 8 Array Of Cards #cards 12 size 40 Howl #buckets 4 coarsen threshold 1843 Howl Bitmap #cards 512 size 80 coarsen threshold 460 Card regions per heap region 1 cards per card region 2048
 CPUs: 16 total, 16 available
 Memory: 15477M
 Large Page Support: Disabled
 NUMA Support: Disabled
 Compressed Oops: Enabled (32-bit)
 Heap Region Size: 1M
 Heap Min Capacity: 8M
 Heap Initial Capacity: 242M
 Heap Max Capacity: 2G
 Pre-touch: Disabled
 Parallel Workers: 13
 Concurrent Workers: 3
 Concurrent Refinement Workers: 13
 Periodic GC: Disabled
Heap:
 garbage-first heap   total 280576K, used 231994K [0x0000000080000000, 0x0000000100000000)
  region size 1024K, 65 young (66560K), 3 survivors (3072K)
 Metaspace       used 122831K, committed 124992K, reserved 1179648K
  class space    used 17275K, committed 18304K, reserved 1048576K
GC Heap History (20 events):
Event: 7.165 GC heap before
{Heap before GC invocations=27 (full 0):
 garbage-first heap   total 176128K, used 156452K [0x0000000080000000, 0x0000000100000000)
  region size 1024K, 54 young (55296K), 7 survivors (7168K)
 Metaspace       used 88430K, committed 90240K, reserved 1179648K
  class space    used 12409K, committed 13312K, reserved 1048576K
}
Event: 7.169 GC heap after
{Heap after GC invocations=28 (full 0):
 garbage-first heap   total 176128K, used 115002K [0x0000000080000000, 0x0000000100000000)
  region size 1024K, 7 young (7168K), 7 survivors (7168K)
 Metaspace       used 88430K, committed 90240K, reserved 1179648K
  class space    used 12409K, committed 13312K, reserved 1048576K
}
Event: 7.335 GC heap before
{Heap before GC invocations=29 (full 0):
 garbage-first heap   total 193536K, used 156986K [0x0000000080000000, 0x0000000100000000)
  region size 1024K, 49 young (50176K), 7 survivors (7168K)
 Metaspace       used 88703K, committed 90496K, reserved 1179648K
  class space    used 12414K, committed 13312K, reserved 1048576K
}
Event: 7.337 GC heap after
{Heap after GC invocations=30 (full 0):
 garbage-first heap   total 193536K, used 119306K [0x0000000080000000, 0x0000000100000000)
  region size 1024K, 5 young (5120K), 5 survivors (5120K)
 Metaspace       used 88703K, committed 90496K, reserved 1179648K
  class space    used 12414K, committed 13312K, reserved 1048576K
}
Event: 7.424 GC heap before
{Heap before GC invocations=30 (full 0):
 garbage-first heap   total 193536K, used 174602K [0x0000000080000000, 0x0000000100000000)
  region size 1024K, 60 young (61440K), 5 survivors (5120K)
 Metaspace       used 88895K, committed 90752K, reserved 1179648K
  class space    used 12414K, committed 13312K, reserved 1048576K
}
Event: 7.426 GC heap after
{Heap after GC invocations=31 (full 0):
 garbage-first heap   total 193536K, used 119286K [0x0000000080000000, 0x0000000100000000)
  region size 1024K, 6 young (6144K), 6 survivors (6144K)
 Metaspace       used 88895K, committed 90752K, reserved 1179648K
  class space    used 12414K, committed 13312K, reserved 1048576K
}
Event: 7.489 GC heap before
{Heap before GC invocations=31 (full 0):
 garbage-first heap   total 193536K, used 174582K [0x0000000080000000, 0x0000000100000000)
  region size 1024K, 61 young (62464K), 6 survivors (6144K)
 Metaspace       used 88906K, committed 90752K, reserved 1179648K
  class space    used 12415K, committed 13312K, reserved 1048576K
}
Event: 7.491 GC heap after
{Heap after GC invocations=32 (full 0):
 garbage-first heap   total 232448K, used 120526K [0x0000000080000000, 0x0000000100000000)
  region size 1024K, 5 young (5120K), 5 survivors (5120K)
 Metaspace       used 88906K, committed 90752K, reserved 1179648K
  class space    used 12415K, committed 13312K, reserved 1048576K
}
Event: 8.562 GC heap before
{Heap before GC invocations=33 (full 0):
 garbage-first heap   total 232448K, used 227022K [0x0000000080000000, 0x0000000100000000)
  region size 1024K, 95 young (97280K), 5 survivors (5120K)
 Metaspace       used 93022K, committed 94848K, reserved 1179648K
  class space    used 12931K, committed 13824K, reserved 1048576K
}
Event: 8.566 GC heap after
{Heap after GC invocations=34 (full 0):
 garbage-first heap   total 242688K, used 143686K [0x0000000080000000, 0x0000000100000000)
  region size 1024K, 12 young (12288K), 12 survivors (12288K)
 Metaspace       used 93022K, committed 94848K, reserved 1179648K
  class space    used 12931K, committed 13824K, reserved 1048576K
}
Event: 8.989 GC heap before
{Heap before GC invocations=34 (full 0):
 garbage-first heap   total 242688K, used 215366K [0x0000000080000000, 0x0000000100000000)
  region size 1024K, 77 young (78848K), 12 survivors (12288K)
 Metaspace       used 98366K, committed 100224K, reserved 1179648K
  class space    used 13687K, committed 14592K, reserved 1048576K
}
Event: 8.993 GC heap after
{Heap after GC invocations=35 (full 0):
 garbage-first heap   total 242688K, used 149000K [0x0000000080000000, 0x0000000100000000)
  region size 1024K, 6 young (6144K), 6 survivors (6144K)
 Metaspace       used 98366K, committed 100224K, reserved 1179648K
  class space    used 13687K, committed 14592K, reserved 1048576K
}
Event: 9.454 GC heap before
{Heap before GC invocations=35 (full 0):
 garbage-first heap   total 242688K, used 211464K [0x0000000080000000, 0x0000000100000000)
  region size 1024K, 68 young (69632K), 6 survivors (6144K)
 Metaspace       used 104563K, committed 106496K, reserved 1179648K
  class space    used 14463K, committed 15424K, reserved 1048576K
}
Event: 9.457 GC heap after
{Heap after GC invocations=36 (full 0):
 garbage-first heap   total 242688K, used 152644K [0x0000000080000000, 0x0000000100000000)
  region size 1024K, 4 young (4096K), 4 survivors (4096K)
 Metaspace       used 104563K, committed 106496K, reserved 1179648K
  class space    used 14463K, committed 15424K, reserved 1048576K
}
Event: 10.014 GC heap before
{Heap before GC invocations=37 (full 0):
 garbage-first heap   total 256000K, used 222276K [0x0000000080000000, 0x0000000100000000)
  region size 1024K, 68 young (69632K), 4 survivors (4096K)
 Metaspace       used 109509K, committed 111488K, reserved 1179648K
  class space    used 15131K, committed 16128K, reserved 1048576K
}
Event: 10.016 GC heap after
{Heap after GC invocations=38 (full 0):
 garbage-first heap   total 256000K, used 160593K [0x0000000080000000, 0x0000000100000000)
  region size 1024K, 8 young (8192K), 8 survivors (8192K)
 Metaspace       used 109509K, committed 111488K, reserved 1179648K
  class space    used 15131K, committed 16128K, reserved 1048576K
}
Event: 10.432 GC heap before
{Heap before GC invocations=38 (full 0):
 garbage-first heap   total 256000K, used 234321K [0x0000000080000000, 0x0000000100000000)
  region size 1024K, 79 young (80896K), 8 survivors (8192K)
 Metaspace       used 112719K, committed 114752K, reserved 1179648K
  class space    used 15567K, committed 16512K, reserved 1048576K
}
Event: 10.437 GC heap after
{Heap after GC invocations=39 (full 0):
 garbage-first heap   total 256000K, used 165998K [0x0000000080000000, 0x0000000100000000)
  region size 1024K, 10 young (10240K), 10 survivors (10240K)
 Metaspace       used 112719K, committed 114752K, reserved 1179648K
  class space    used 15567K, committed 16512K, reserved 1048576K
}
Event: 10.978 GC heap before
{Heap before GC invocations=39 (full 0):
 garbage-first heap   total 256000K, used 231534K [0x0000000080000000, 0x0000000100000000)
  region size 1024K, 74 young (75776K), 10 survivors (10240K)
 Metaspace       used 117887K, committed 120000K, reserved 1179648K
  class space    used 16473K, committed 17536K, reserved 1048576K
}
Event: 10.982 GC heap after
{Heap after GC invocations=40 (full 0):
 garbage-first heap   total 256000K, used 167482K [0x0000000080000000, 0x0000000100000000)
  region size 1024K, 3 young (3072K), 3 survivors (3072K)
 Metaspace       used 117887K, committed 120000K, reserved 1179648K
  class space    used 16473K, committed 17536K, reserved 1048576K
}

